11:37:49.906 [main] TRACE - Loading type system org.apache.poi.schemas.ooxml.system.ooxml
11:37:49.916 [main] TRACE - Loading type system org.apache.xmlbeans.metadata.system.sXMLCONFIG
11:37:49.918 [main] TRACE - Loading type system org.apache.xmlbeans.metadata.system.sXMLLANG
11:37:49.919 [main] TRACE - Loading type system org.apache.xmlbeans.metadata.system.sXMLSCHEMA
11:37:49.919 [main] TRACE - Loading type system org.apache.xmlbeans.metadata.system.sXMLTOOLS
11:37:49.921 [main] TRACE - Reading unresolved handles for type system org.apache.xmlbeans.metadata.system.sXMLTOOLS
11:37:49.941 [main] TRACE - Finished loading type system org.apache.xmlbeans.metadata.system.sXMLTOOLS
11:37:49.943 [main] TRACE - Reading unresolved handles for type system org.apache.xmlbeans.metadata.system.sXMLSCHEMA
11:37:49.949 [main] TRACE - Finished loading type system org.apache.xmlbeans.metadata.system.sXMLSCHEMA
11:37:49.950 [main] TRACE - Reading unresolved handles for type system org.apache.xmlbeans.metadata.system.sXMLLANG
11:37:49.952 [main] TRACE - Finished loading type system org.apache.xmlbeans.metadata.system.sXMLLANG
11:37:49.952 [main] TRACE - Reading unresolved handles for type system org.apache.xmlbeans.metadata.system.sXMLCONFIG
11:37:49.954 [main] TRACE - Finished loading type system org.apache.xmlbeans.metadata.system.sXMLCONFIG
11:37:49.957 [main] TRACE - Reading unresolved handles for type system org.apache.poi.schemas.ooxml.system.ooxml
11:37:50.036 [main] TRACE - Finished loading type system org.apache.poi.schemas.ooxml.system.ooxml
11:37:50.037 [main] TRACE - Resolving type for handle ctworkbook83c3type
11:37:50.112 [main] TRACE - Resolving type for handle ctworkbookpr03a5type
11:37:50.129 [main] TRACE - Resolving type for handle ctbookviewsb864type
11:37:50.131 [main] TRACE - Resolving type for handle ctbookviewf677type
11:37:50.146 [main] TRACE - Resolving type for handle ctsheets49fdtype
11:37:50.152 [main] TRACE - Resolving type for handle propertiesee84doctype
11:37:50.156 [main] TRACE - Resolving type for handle ctproperties3f10type
11:37:50.163 [main] TRACE - Resolving type for handle properties288cdoctype
11:37:50.165 [main] TRACE - Resolving type for handle ctproperties2c18type
11:37:50.175 [main] TRACE - Resolving type for handle sstf81fdoctype
11:37:50.177 [main] TRACE - Resolving type for handle ctsst44f3type
11:37:50.187 [main] TRACE - Resolving type for handle stylesheet5d8bdoctype
11:37:50.191 [main] TRACE - Resolving type for handle ctstylesheet4257type
11:37:50.197 [main] TRACE - Resolving type for handle ctfont14d8type
11:37:50.205 [main] TRACE - Resolving type for handle ctfontsizeb3b9type
11:37:50.211 [main] TRACE - Resolving type for handle ctcolord2c2type
11:37:50.215 [main] TRACE - Resolving type for handle ctfontname2dc3type
11:37:50.219 [main] TRACE - Resolving type for handle stxstringf179type
11:37:50.225 [main] TRACE - Resolving type for handle ctfontfamily685ctype
11:37:50.227 [main] TRACE - Resolving type for handle stfontfamily9c6ctype
11:37:50.233 [main] TRACE - Resolving type for handle ctfontschemebf5dtype
11:37:50.239 [main] TRACE - Resolving type for handle stfontschemef36dtype
11:37:50.245 [main] TRACE - Resolving type for handle ctfill550ctype
11:37:50.247 [main] TRACE - Resolving type for handle ctpatternfill7452type
11:37:50.254 [main] TRACE - Resolving type for handle stpatterntype7939type
11:37:50.258 [main] TRACE - Resolving type for handle ctborderf935type
11:37:50.258 [main] TRACE - Resolving type for handle ctborderpre497type
11:37:50.268 [main] TRACE - Resolving type for handle ctxf97f7type
11:37:50.274 [main] TRACE - Resolving type for handle stnumfmtid76fbtype
11:37:50.274 [main] TRACE - Resolving type for handle stfontid9d63type
11:37:50.274 [main] TRACE - Resolving type for handle stfillida097type
11:37:50.283 [main] TRACE - Resolving type for handle stborderid1a80type
11:37:50.287 [main] TRACE - Resolving type for handle stcellstylexfid70c7type
11:37:50.295 [main] TRACE - Resolving type for handle ctsheet4dbetype
11:37:50.301 [main] TRACE - Resolving type for handle ctworksheet530dtype
11:37:50.311 [main] TRACE - Resolving type for handle ctsheetformatprdef7type
11:37:50.322 [main] TRACE - Resolving type for handle ctsheetviewsb918type
11:37:50.323 [main] TRACE - Resolving type for handle ctsheetview0f43type
11:37:50.323 [main] TRACE - Resolving type for handle ctsheetdimensiond310type
11:37:50.335 [main] TRACE - Resolving type for handle stref90a2type
11:37:50.335 [main] TRACE - Resolving type for handle ctsheetdata8408type
11:37:50.343 [main] TRACE - Resolving type for handle ctpagemargins5455type
11:37:50.351 [main] TRACE - Resolving type for handle ctcols627ctype
11:37:50.356 [main] TRACE - Resolving type for handle strelationshipid1e94type
11:37:50.358 [main] TRACE - Resolving type for handle ctrowdd39type
11:37:50.370 [main] TRACE - Resolving type for handle ctcell842btype
11:37:50.386 [main] TRACE - Resolving type for handle stcellrefe4e0type
11:37:50.391 [main] TRACE - Resolving type for handle ctrsta472type
11:37:50.394 [main] TRACE - Resolving type for handle stcelltypebf95type
11:37:50.533 [main] TRACE - Resolving type for handle ctnumfmtsb58btype
11:37:50.539 [main] TRACE - Resolving type for handle ctfonts6623type
11:37:50.544 [main] TRACE - Resolving type for handle ctfills2c6ftype
11:37:50.550 [main] TRACE - Resolving type for handle ctborders0d66type
11:37:50.552 [main] TRACE - Resolving type for handle ctcellxfs1322type
11:37:50.558 [main] TRACE - Resolving type for handle ctcellstylexfsa81ftype
11:37:50.629 [main] DEBUG - Save core properties part
11:37:50.629 [main] DEBUG - Save content types part
11:37:50.791 [main] DEBUG - Save package relationships
11:37:50.800 [main] DEBUG - Save part 'docProps/app.xml'
11:37:50.806 [main] DEBUG - Save part 'docProps/core.xml'
11:37:50.819 [main] DEBUG - Save part 'xl/sharedStrings.xml'
11:37:50.819 [main] DEBUG - Save part 'xl/styles.xml'
11:37:50.822 [main] DEBUG - Save part 'xl/workbook.xml'
11:37:50.824 [main] DEBUG - Save part 'xl/worksheets/sheet1.xml'
11:37:50.828 [main] DEBUG - Save content types part
11:37:50.830 [main] DEBUG - Save package relationships
11:37:50.833 [main] DEBUG - Save part 'docProps/app.xml'
11:37:50.833 [main] DEBUG - Save part 'docProps/core.xml'
11:37:50.836 [main] DEBUG - Save part 'xl/sharedStrings.xml'
11:37:50.836 [main] DEBUG - Save part 'xl/styles.xml'
11:37:50.836 [main] DEBUG - Save part 'xl/workbook.xml'
11:37:50.844 [main] DEBUG - Save part 'xl/worksheets/sheet1.xml'
17:18:16.061 [main] TRACE - Loading type system org.apache.poi.schemas.ooxml.system.ooxml
17:18:16.069 [main] TRACE - Loading type system org.apache.xmlbeans.metadata.system.sXMLCONFIG
17:18:16.069 [main] TRACE - Loading type system org.apache.xmlbeans.metadata.system.sXMLLANG
17:18:16.069 [main] TRACE - Loading type system org.apache.xmlbeans.metadata.system.sXMLSCHEMA
17:18:16.077 [main] TRACE - Loading type system org.apache.xmlbeans.metadata.system.sXMLTOOLS
17:18:16.080 [main] TRACE - Reading unresolved handles for type system org.apache.xmlbeans.metadata.system.sXMLTOOLS
17:18:16.101 [main] TRACE - Finished loading type system org.apache.xmlbeans.metadata.system.sXMLTOOLS
17:18:16.104 [main] TRACE - Reading unresolved handles for type system org.apache.xmlbeans.metadata.system.sXMLSCHEMA
17:18:16.114 [main] TRACE - Finished loading type system org.apache.xmlbeans.metadata.system.sXMLSCHEMA
17:18:16.116 [main] TRACE - Reading unresolved handles for type system org.apache.xmlbeans.metadata.system.sXMLLANG
17:18:16.116 [main] TRACE - Finished loading type system org.apache.xmlbeans.metadata.system.sXMLLANG
17:18:16.119 [main] TRACE - Reading unresolved handles for type system org.apache.xmlbeans.metadata.system.sXMLCONFIG
17:18:16.121 [main] TRACE - Finished loading type system org.apache.xmlbeans.metadata.system.sXMLCONFIG
17:18:16.122 [main] TRACE - Reading unresolved handles for type system org.apache.poi.schemas.ooxml.system.ooxml
17:18:16.214 [main] TRACE - Finished loading type system org.apache.poi.schemas.ooxml.system.ooxml
17:18:16.216 [main] TRACE - Resolving type for handle ctworkbook83c3type
17:18:16.323 [main] TRACE - Resolving type for handle ctworkbookpr03a5type
17:18:16.344 [main] TRACE - Resolving type for handle ctbookviewsb864type
17:18:16.351 [main] TRACE - Resolving type for handle ctbookviewf677type
17:18:16.368 [main] TRACE - Resolving type for handle ctsheets49fdtype
17:18:16.377 [main] TRACE - Resolving type for handle propertiesee84doctype
17:18:16.383 [main] TRACE - Resolving type for handle ctproperties3f10type
17:18:16.396 [main] TRACE - Resolving type for handle properties288cdoctype
17:18:16.398 [main] TRACE - Resolving type for handle ctproperties2c18type
17:18:16.411 [main] TRACE - Resolving type for handle sstf81fdoctype
17:18:16.416 [main] TRACE - Resolving type for handle ctsst44f3type
17:18:16.427 [main] TRACE - Resolving type for handle stylesheet5d8bdoctype
17:18:16.429 [main] TRACE - Resolving type for handle ctstylesheet4257type
17:18:16.438 [main] TRACE - Resolving type for handle ctfont14d8type
17:18:16.449 [main] TRACE - Resolving type for handle ctfontsizeb3b9type
17:18:16.454 [main] TRACE - Resolving type for handle ctcolord2c2type
17:18:16.461 [main] TRACE - Resolving type for handle ctfontname2dc3type
17:18:16.463 [main] TRACE - Resolving type for handle stxstringf179type
17:18:16.471 [main] TRACE - Resolving type for handle ctfontfamily685ctype
17:18:16.473 [main] TRACE - Resolving type for handle stfontfamily9c6ctype
17:18:16.482 [main] TRACE - Resolving type for handle ctfontschemebf5dtype
17:18:16.488 [main] TRACE - Resolving type for handle stfontschemef36dtype
17:18:16.495 [main] TRACE - Resolving type for handle ctfill550ctype
17:18:16.495 [main] TRACE - Resolving type for handle ctpatternfill7452type
17:18:16.508 [main] TRACE - Resolving type for handle stpatterntype7939type
17:18:16.513 [main] TRACE - Resolving type for handle ctborderf935type
17:18:16.515 [main] TRACE - Resolving type for handle ctborderpre497type
17:18:16.524 [main] TRACE - Resolving type for handle ctxf97f7type
17:18:16.528 [main] TRACE - Resolving type for handle stnumfmtid76fbtype
17:18:16.532 [main] TRACE - Resolving type for handle stfontid9d63type
17:18:16.535 [main] TRACE - Resolving type for handle stfillida097type
17:18:16.538 [main] TRACE - Resolving type for handle stborderid1a80type
17:18:16.544 [main] TRACE - Resolving type for handle stcellstylexfid70c7type
17:18:16.565 [main] TRACE - Resolving type for handle ctsheet4dbetype
17:18:16.573 [main] TRACE - Resolving type for handle ctworksheet530dtype
17:18:16.579 [main] TRACE - Resolving type for handle ctsheetformatprdef7type
17:18:16.592 [main] TRACE - Resolving type for handle ctsheetviewsb918type
17:18:16.596 [main] TRACE - Resolving type for handle ctsheetview0f43type
17:18:16.604 [main] TRACE - Resolving type for handle ctsheetdimensiond310type
17:18:16.608 [main] TRACE - Resolving type for handle stref90a2type
17:18:16.608 [main] TRACE - Resolving type for handle ctsheetdata8408type
17:18:16.608 [main] TRACE - Resolving type for handle ctpagemargins5455type
17:18:16.625 [main] TRACE - Resolving type for handle ctcols627ctype
17:18:16.630 [main] TRACE - Resolving type for handle strelationshipid1e94type
17:18:16.633 [main] TRACE - Resolving type for handle ctrowdd39type
17:18:16.641 [main] TRACE - Resolving type for handle ctcell842btype
17:18:16.658 [main] TRACE - Resolving type for handle stcellrefe4e0type
17:18:16.666 [main] TRACE - Resolving type for handle ctrsta472type
17:18:16.671 [main] TRACE - Resolving type for handle stcelltypebf95type
17:18:16.840 [main] TRACE - Resolving type for handle ctnumfmtsb58btype
17:18:16.844 [main] TRACE - Resolving type for handle ctfonts6623type
17:18:16.850 [main] TRACE - Resolving type for handle ctfills2c6ftype
17:18:16.854 [main] TRACE - Resolving type for handle ctborders0d66type
17:18:16.858 [main] TRACE - Resolving type for handle ctcellxfs1322type
17:18:16.862 [main] TRACE - Resolving type for handle ctcellstylexfsa81ftype
17:18:16.943 [main] DEBUG - Save core properties part
17:18:16.943 [main] DEBUG - Save content types part
17:18:17.134 [main] DEBUG - Save package relationships
17:18:17.139 [main] DEBUG - Save part 'docProps/app.xml'
17:18:17.147 [main] DEBUG - Save part 'docProps/core.xml'
17:18:17.166 [main] DEBUG - Save part 'xl/sharedStrings.xml'
17:18:17.167 [main] DEBUG - Save part 'xl/styles.xml'
17:18:17.167 [main] DEBUG - Save part 'xl/workbook.xml'
17:18:17.173 [main] DEBUG - Save part 'xl/worksheets/sheet1.xml'
17:18:17.179 [main] DEBUG - Save content types part
17:18:17.182 [main] DEBUG - Save package relationships
17:18:17.185 [main] DEBUG - Save part 'docProps/app.xml'
17:18:17.185 [main] DEBUG - Save part 'docProps/core.xml'
17:18:17.185 [main] DEBUG - Save part 'xl/sharedStrings.xml'
17:18:17.191 [main] DEBUG - Save part 'xl/styles.xml'
17:18:17.191 [main] DEBUG - Save part 'xl/workbook.xml'
17:18:17.195 [main] DEBUG - Save part 'xl/worksheets/sheet1.xml'
17:45:06.729 [main] TRACE - Loading type system org.apache.poi.schemas.ooxml.system.ooxml
17:45:06.744 [main] TRACE - Loading type system org.apache.xmlbeans.metadata.system.sXMLCONFIG
17:45:06.748 [main] TRACE - Loading type system org.apache.xmlbeans.metadata.system.sXMLLANG
17:45:06.750 [main] TRACE - Loading type system org.apache.xmlbeans.metadata.system.sXMLSCHEMA
17:45:06.750 [main] TRACE - Loading type system org.apache.xmlbeans.metadata.system.sXMLTOOLS
17:45:06.752 [main] TRACE - Reading unresolved handles for type system org.apache.xmlbeans.metadata.system.sXMLTOOLS
17:45:06.785 [main] TRACE - Finished loading type system org.apache.xmlbeans.metadata.system.sXMLTOOLS
17:45:06.785 [main] TRACE - Reading unresolved handles for type system org.apache.xmlbeans.metadata.system.sXMLSCHEMA
17:45:06.796 [main] TRACE - Finished loading type system org.apache.xmlbeans.metadata.system.sXMLSCHEMA
17:45:06.799 [main] TRACE - Reading unresolved handles for type system org.apache.xmlbeans.metadata.system.sXMLLANG
17:45:06.801 [main] TRACE - Finished loading type system org.apache.xmlbeans.metadata.system.sXMLLANG
17:45:06.804 [main] TRACE - Reading unresolved handles for type system org.apache.xmlbeans.metadata.system.sXMLCONFIG
17:45:06.807 [main] TRACE - Finished loading type system org.apache.xmlbeans.metadata.system.sXMLCONFIG
17:45:06.809 [main] TRACE - Reading unresolved handles for type system org.apache.poi.schemas.ooxml.system.ooxml
17:45:06.917 [main] TRACE - Finished loading type system org.apache.poi.schemas.ooxml.system.ooxml
17:45:06.919 [main] TRACE - Resolving type for handle ctworkbook83c3type
17:45:07.070 [main] TRACE - Resolving type for handle ctworkbookpr03a5type
17:45:07.125 [main] TRACE - Resolving type for handle ctbookviewsb864type
17:45:07.130 [main] TRACE - Resolving type for handle ctbookviewf677type
17:45:07.153 [main] TRACE - Resolving type for handle ctsheets49fdtype
17:45:07.178 [main] TRACE - Resolving type for handle propertiesee84doctype
17:45:07.185 [main] TRACE - Resolving type for handle ctproperties3f10type
17:45:07.218 [main] TRACE - Resolving type for handle properties288cdoctype
17:45:07.223 [main] TRACE - Resolving type for handle ctproperties2c18type
17:45:07.239 [main] TRACE - Resolving type for handle sstf81fdoctype
17:45:07.251 [main] TRACE - Resolving type for handle ctsst44f3type
17:45:07.265 [main] TRACE - Resolving type for handle stylesheet5d8bdoctype
17:45:07.267 [main] TRACE - Resolving type for handle ctstylesheet4257type
17:45:07.274 [main] TRACE - Resolving type for handle ctfont14d8type
17:45:07.294 [main] TRACE - Resolving type for handle ctfontsizeb3b9type
17:45:07.307 [main] TRACE - Resolving type for handle ctcolord2c2type
17:45:07.316 [main] TRACE - Resolving type for handle ctfontname2dc3type
17:45:07.319 [main] TRACE - Resolving type for handle stxstringf179type
17:45:07.327 [main] TRACE - Resolving type for handle ctfontfamily685ctype
17:45:07.332 [main] TRACE - Resolving type for handle stfontfamily9c6ctype
17:45:07.340 [main] TRACE - Resolving type for handle ctfontschemebf5dtype
17:45:07.348 [main] TRACE - Resolving type for handle stfontschemef36dtype
17:45:07.358 [main] TRACE - Resolving type for handle ctfill550ctype
17:45:07.364 [main] TRACE - Resolving type for handle ctpatternfill7452type
17:45:07.369 [main] TRACE - Resolving type for handle stpatterntype7939type
17:45:07.376 [main] TRACE - Resolving type for handle ctborderf935type
17:45:07.381 [main] TRACE - Resolving type for handle ctborderpre497type
17:45:07.391 [main] TRACE - Resolving type for handle ctxf97f7type
17:45:07.396 [main] TRACE - Resolving type for handle stnumfmtid76fbtype
17:45:07.400 [main] TRACE - Resolving type for handle stfontid9d63type
17:45:07.404 [main] TRACE - Resolving type for handle stfillida097type
17:45:07.406 [main] TRACE - Resolving type for handle stborderid1a80type
17:45:07.412 [main] TRACE - Resolving type for handle stcellstylexfid70c7type
17:45:07.431 [main] TRACE - Resolving type for handle ctsheet4dbetype
17:45:07.446 [main] TRACE - Resolving type for handle ctworksheet530dtype
17:45:07.456 [main] TRACE - Resolving type for handle ctsheetformatprdef7type
17:45:07.469 [main] TRACE - Resolving type for handle ctsheetviewsb918type
17:45:07.475 [main] TRACE - Resolving type for handle ctsheetview0f43type
17:45:07.491 [main] TRACE - Resolving type for handle ctsheetdimensiond310type
17:45:07.499 [main] TRACE - Resolving type for handle stref90a2type
17:45:07.502 [main] TRACE - Resolving type for handle ctsheetdata8408type
17:45:07.507 [main] TRACE - Resolving type for handle ctpagemargins5455type
17:45:07.520 [main] TRACE - Resolving type for handle ctcols627ctype
17:45:07.530 [main] TRACE - Resolving type for handle strelationshipid1e94type
17:45:07.543 [main] TRACE - Resolving type for handle ctrowdd39type
17:45:07.570 [main] TRACE - Resolving type for handle ctcell842btype
17:45:07.589 [main] TRACE - Resolving type for handle stcellrefe4e0type
17:45:07.598 [main] TRACE - Resolving type for handle ctrsta472type
17:45:07.610 [main] TRACE - Resolving type for handle stcelltypebf95type
17:45:07.786 [main] TRACE - Resolving type for handle ctnumfmtsb58btype
17:45:07.795 [main] TRACE - Resolving type for handle ctfonts6623type
17:45:07.804 [main] TRACE - Resolving type for handle ctfills2c6ftype
17:45:07.809 [main] TRACE - Resolving type for handle ctborders0d66type
17:45:07.817 [main] TRACE - Resolving type for handle ctcellxfs1322type
17:45:07.823 [main] TRACE - Resolving type for handle ctcellstylexfsa81ftype
17:45:07.902 [main] DEBUG - Save core properties part
17:45:07.902 [main] DEBUG - Save content types part
17:45:08.073 [main] DEBUG - Save package relationships
17:45:08.082 [main] DEBUG - Save part 'docProps/app.xml'
17:45:08.087 [main] DEBUG - Save part 'docProps/core.xml'
17:45:08.104 [main] DEBUG - Save part 'xl/sharedStrings.xml'
17:45:08.106 [main] DEBUG - Save part 'xl/styles.xml'
17:45:08.106 [main] DEBUG - Save part 'xl/workbook.xml'
17:45:08.110 [main] DEBUG - Save part 'xl/worksheets/sheet1.xml'
17:45:08.114 [main] DEBUG - Save content types part
17:45:08.119 [main] DEBUG - Save package relationships
17:45:08.121 [main] DEBUG - Save part 'docProps/app.xml'
17:45:08.121 [main] DEBUG - Save part 'docProps/core.xml'
17:45:08.126 [main] DEBUG - Save part 'xl/sharedStrings.xml'
17:45:08.126 [main] DEBUG - Save part 'xl/styles.xml'
17:45:08.126 [main] DEBUG - Save part 'xl/workbook.xml'
17:45:08.128 [main] DEBUG - Save part 'xl/worksheets/sheet1.xml'
17:57:38.568 [main] TRACE - Loading type system org.apache.poi.schemas.ooxml.system.ooxml
17:57:38.568 [main] TRACE - Loading type system org.apache.xmlbeans.metadata.system.sXMLCONFIG
17:57:38.568 [main] TRACE - Loading type system org.apache.xmlbeans.metadata.system.sXMLLANG
17:57:38.583 [main] TRACE - Loading type system org.apache.xmlbeans.metadata.system.sXMLSCHEMA
17:57:38.583 [main] TRACE - Loading type system org.apache.xmlbeans.metadata.system.sXMLTOOLS
17:57:38.583 [main] TRACE - Reading unresolved handles for type system org.apache.xmlbeans.metadata.system.sXMLTOOLS
17:57:38.610 [main] TRACE - Finished loading type system org.apache.xmlbeans.metadata.system.sXMLTOOLS
17:57:38.612 [main] TRACE - Reading unresolved handles for type system org.apache.xmlbeans.metadata.system.sXMLSCHEMA
17:57:38.617 [main] TRACE - Finished loading type system org.apache.xmlbeans.metadata.system.sXMLSCHEMA
17:57:38.619 [main] TRACE - Reading unresolved handles for type system org.apache.xmlbeans.metadata.system.sXMLLANG
17:57:38.619 [main] TRACE - Finished loading type system org.apache.xmlbeans.metadata.system.sXMLLANG
17:57:38.621 [main] TRACE - Reading unresolved handles for type system org.apache.xmlbeans.metadata.system.sXMLCONFIG
17:57:38.622 [main] TRACE - Finished loading type system org.apache.xmlbeans.metadata.system.sXMLCONFIG
17:57:38.624 [main] TRACE - Reading unresolved handles for type system org.apache.poi.schemas.ooxml.system.ooxml
17:57:38.712 [main] TRACE - Finished loading type system org.apache.poi.schemas.ooxml.system.ooxml
17:57:38.715 [main] TRACE - Resolving type for handle ctworkbook83c3type
17:57:38.814 [main] TRACE - Resolving type for handle ctworkbookpr03a5type
17:57:38.828 [main] TRACE - Resolving type for handle ctbookviewsb864type
17:57:38.838 [main] TRACE - Resolving type for handle ctbookviewf677type
17:57:38.851 [main] TRACE - Resolving type for handle ctsheets49fdtype
17:57:38.856 [main] TRACE - Resolving type for handle propertiesee84doctype
17:57:38.859 [main] TRACE - Resolving type for handle ctproperties3f10type
17:57:38.867 [main] TRACE - Resolving type for handle properties288cdoctype
17:57:38.870 [main] TRACE - Resolving type for handle ctproperties2c18type
17:57:38.885 [main] TRACE - Resolving type for handle sstf81fdoctype
17:57:38.887 [main] TRACE - Resolving type for handle ctsst44f3type
17:57:38.894 [main] TRACE - Resolving type for handle stylesheet5d8bdoctype
17:57:38.896 [main] TRACE - Resolving type for handle ctstylesheet4257type
17:57:38.902 [main] TRACE - Resolving type for handle ctfont14d8type
17:57:38.912 [main] TRACE - Resolving type for handle ctfontsizeb3b9type
17:57:38.918 [main] TRACE - Resolving type for handle ctcolord2c2type
17:57:38.924 [main] TRACE - Resolving type for handle ctfontname2dc3type
17:57:38.928 [main] TRACE - Resolving type for handle stxstringf179type
17:57:38.932 [main] TRACE - Resolving type for handle ctfontfamily685ctype
17:57:38.934 [main] TRACE - Resolving type for handle stfontfamily9c6ctype
17:57:38.940 [main] TRACE - Resolving type for handle ctfontschemebf5dtype
17:57:38.942 [main] TRACE - Resolving type for handle stfontschemef36dtype
17:57:38.947 [main] TRACE - Resolving type for handle ctfill550ctype
17:57:38.947 [main] TRACE - Resolving type for handle ctpatternfill7452type
17:57:38.953 [main] TRACE - Resolving type for handle stpatterntype7939type
17:57:38.953 [main] TRACE - Resolving type for handle ctborderf935type
17:57:38.953 [main] TRACE - Resolving type for handle ctborderpre497type
17:57:38.963 [main] TRACE - Resolving type for handle ctxf97f7type
17:57:38.963 [main] TRACE - Resolving type for handle stnumfmtid76fbtype
17:57:38.978 [main] TRACE - Resolving type for handle stfontid9d63type
17:57:38.980 [main] TRACE - Resolving type for handle stfillida097type
17:57:38.982 [main] TRACE - Resolving type for handle stborderid1a80type
17:57:38.987 [main] TRACE - Resolving type for handle stcellstylexfid70c7type
17:57:38.995 [main] TRACE - Resolving type for handle ctsheet4dbetype
17:57:39.005 [main] TRACE - Resolving type for handle ctworksheet530dtype
17:57:39.009 [main] TRACE - Resolving type for handle ctsheetformatprdef7type
17:57:39.015 [main] TRACE - Resolving type for handle ctsheetviewsb918type
17:57:39.021 [main] TRACE - Resolving type for handle ctsheetview0f43type
17:57:39.046 [main] TRACE - Resolving type for handle ctsheetdimensiond310type
17:57:39.048 [main] TRACE - Resolving type for handle stref90a2type
17:57:39.058 [main] TRACE - Resolving type for handle ctsheetdata8408type
17:57:39.063 [main] TRACE - Resolving type for handle ctpagemargins5455type
17:57:39.073 [main] TRACE - Resolving type for handle ctcols627ctype
17:57:39.079 [main] TRACE - Resolving type for handle strelationshipid1e94type
17:57:39.091 [main] TRACE - Resolving type for handle ctrowdd39type
17:57:39.100 [main] TRACE - Resolving type for handle ctcell842btype
17:57:39.122 [main] TRACE - Resolving type for handle stcellrefe4e0type
17:57:39.128 [main] TRACE - Resolving type for handle ctrsta472type
17:57:39.135 [main] TRACE - Resolving type for handle stcelltypebf95type
17:57:39.328 [main] TRACE - Resolving type for handle ctnumfmtsb58btype
17:57:39.333 [main] TRACE - Resolving type for handle ctfonts6623type
17:57:39.345 [main] TRACE - Resolving type for handle ctfills2c6ftype
17:57:39.349 [main] TRACE - Resolving type for handle ctborders0d66type
17:57:39.354 [main] TRACE - Resolving type for handle ctcellxfs1322type
17:57:39.360 [main] TRACE - Resolving type for handle ctcellstylexfsa81ftype
17:57:39.444 [main] DEBUG - Save core properties part
17:57:39.444 [main] DEBUG - Save content types part
17:57:39.630 [main] DEBUG - Save package relationships
17:57:39.637 [main] DEBUG - Save part 'docProps/app.xml'
17:57:39.643 [main] DEBUG - Save part 'docProps/core.xml'
17:57:39.666 [main] DEBUG - Save part 'xl/sharedStrings.xml'
17:57:39.668 [main] DEBUG - Save part 'xl/styles.xml'
17:57:39.668 [main] DEBUG - Save part 'xl/workbook.xml'
17:57:39.672 [main] DEBUG - Save part 'xl/worksheets/sheet1.xml'
17:57:39.679 [main] DEBUG - Save content types part
17:57:39.683 [main] DEBUG - Save package relationships
17:57:39.686 [main] DEBUG - Save part 'docProps/app.xml'
17:57:39.687 [main] DEBUG - Save part 'docProps/core.xml'
17:57:39.692 [main] DEBUG - Save part 'xl/sharedStrings.xml'
17:57:39.694 [main] DEBUG - Save part 'xl/styles.xml'
17:57:39.694 [main] DEBUG - Save part 'xl/workbook.xml'
17:57:39.707 [main] DEBUG - Save part 'xl/worksheets/sheet1.xml'
18:03:03.841 [main] TRACE - Loading type system org.apache.poi.schemas.ooxml.system.ooxml
18:03:03.852 [main] TRACE - Loading type system org.apache.xmlbeans.metadata.system.sXMLCONFIG
18:03:03.854 [main] TRACE - Loading type system org.apache.xmlbeans.metadata.system.sXMLLANG
18:03:03.854 [main] TRACE - Loading type system org.apache.xmlbeans.metadata.system.sXMLSCHEMA
18:03:03.856 [main] TRACE - Loading type system org.apache.xmlbeans.metadata.system.sXMLTOOLS
18:03:03.860 [main] TRACE - Reading unresolved handles for type system org.apache.xmlbeans.metadata.system.sXMLTOOLS
18:03:03.883 [main] TRACE - Finished loading type system org.apache.xmlbeans.metadata.system.sXMLTOOLS
18:03:03.885 [main] TRACE - Reading unresolved handles for type system org.apache.xmlbeans.metadata.system.sXMLSCHEMA
18:03:03.895 [main] TRACE - Finished loading type system org.apache.xmlbeans.metadata.system.sXMLSCHEMA
18:03:03.897 [main] TRACE - Reading unresolved handles for type system org.apache.xmlbeans.metadata.system.sXMLLANG
18:03:03.898 [main] TRACE - Finished loading type system org.apache.xmlbeans.metadata.system.sXMLLANG
18:03:03.900 [main] TRACE - Reading unresolved handles for type system org.apache.xmlbeans.metadata.system.sXMLCONFIG
18:03:03.901 [main] TRACE - Finished loading type system org.apache.xmlbeans.metadata.system.sXMLCONFIG
18:03:03.903 [main] TRACE - Reading unresolved handles for type system org.apache.poi.schemas.ooxml.system.ooxml
18:03:03.993 [main] TRACE - Finished loading type system org.apache.poi.schemas.ooxml.system.ooxml
18:03:03.996 [main] TRACE - Resolving type for handle ctworkbook83c3type
18:03:04.102 [main] TRACE - Resolving type for handle ctworkbookpr03a5type
18:03:04.125 [main] TRACE - Resolving type for handle ctbookviewsb864type
18:03:04.130 [main] TRACE - Resolving type for handle ctbookviewf677type
18:03:04.139 [main] TRACE - Resolving type for handle ctsheets49fdtype
18:03:04.147 [main] TRACE - Resolving type for handle propertiesee84doctype
18:03:04.151 [main] TRACE - Resolving type for handle ctproperties3f10type
18:03:04.158 [main] TRACE - Resolving type for handle properties288cdoctype
18:03:04.160 [main] TRACE - Resolving type for handle ctproperties2c18type
18:03:04.171 [main] TRACE - Resolving type for handle sstf81fdoctype
18:03:04.173 [main] TRACE - Resolving type for handle ctsst44f3type
18:03:04.179 [main] TRACE - Resolving type for handle stylesheet5d8bdoctype
18:03:04.179 [main] TRACE - Resolving type for handle ctstylesheet4257type
18:03:04.193 [main] TRACE - Resolving type for handle ctfont14d8type
18:03:04.201 [main] TRACE - Resolving type for handle ctfontsizeb3b9type
18:03:04.209 [main] TRACE - Resolving type for handle ctcolord2c2type
18:03:04.213 [main] TRACE - Resolving type for handle ctfontname2dc3type
18:03:04.217 [main] TRACE - Resolving type for handle stxstringf179type
18:03:04.221 [main] TRACE - Resolving type for handle ctfontfamily685ctype
18:03:04.223 [main] TRACE - Resolving type for handle stfontfamily9c6ctype
18:03:04.225 [main] TRACE - Resolving type for handle ctfontschemebf5dtype
18:03:04.225 [main] TRACE - Resolving type for handle stfontschemef36dtype
18:03:04.236 [main] TRACE - Resolving type for handle ctfill550ctype
18:03:04.243 [main] TRACE - Resolving type for handle ctpatternfill7452type
18:03:04.246 [main] TRACE - Resolving type for handle stpatterntype7939type
18:03:04.252 [main] TRACE - Resolving type for handle ctborderf935type
18:03:04.252 [main] TRACE - Resolving type for handle ctborderpre497type
18:03:04.258 [main] TRACE - Resolving type for handle ctxf97f7type
18:03:04.267 [main] TRACE - Resolving type for handle stnumfmtid76fbtype
18:03:04.268 [main] TRACE - Resolving type for handle stfontid9d63type
18:03:04.272 [main] TRACE - Resolving type for handle stfillida097type
18:03:04.275 [main] TRACE - Resolving type for handle stborderid1a80type
18:03:04.276 [main] TRACE - Resolving type for handle stcellstylexfid70c7type
18:03:04.287 [main] TRACE - Resolving type for handle ctsheet4dbetype
18:03:04.296 [main] TRACE - Resolving type for handle ctworksheet530dtype
18:03:04.304 [main] TRACE - Resolving type for handle ctsheetformatprdef7type
18:03:04.313 [main] TRACE - Resolving type for handle ctsheetviewsb918type
18:03:04.316 [main] TRACE - Resolving type for handle ctsheetview0f43type
18:03:04.324 [main] TRACE - Resolving type for handle ctsheetdimensiond310type
18:03:04.328 [main] TRACE - Resolving type for handle stref90a2type
18:03:04.333 [main] TRACE - Resolving type for handle ctsheetdata8408type
18:03:04.337 [main] TRACE - Resolving type for handle ctpagemargins5455type
18:03:04.341 [main] TRACE - Resolving type for handle ctcols627ctype
18:03:04.350 [main] TRACE - Resolving type for handle strelationshipid1e94type
18:03:04.358 [main] TRACE - Resolving type for handle ctrowdd39type
18:03:04.368 [main] TRACE - Resolving type for handle ctcell842btype
18:03:04.377 [main] TRACE - Resolving type for handle stcellrefe4e0type
18:03:04.384 [main] TRACE - Resolving type for handle ctrsta472type
18:03:04.386 [main] TRACE - Resolving type for handle stcelltypebf95type
18:03:04.790 [main] TRACE - Resolving type for handle ctcola95ftype
18:03:04.944 [main] TRACE - Resolving type for handle ctnumfmtsb58btype
18:03:04.950 [main] TRACE - Resolving type for handle ctfonts6623type
18:03:04.957 [main] TRACE - Resolving type for handle ctfills2c6ftype
18:03:04.963 [main] TRACE - Resolving type for handle ctborders0d66type
18:03:04.968 [main] TRACE - Resolving type for handle ctcellxfs1322type
18:03:04.972 [main] TRACE - Resolving type for handle ctcellstylexfsa81ftype
18:03:05.068 [main] DEBUG - Save core properties part
18:03:05.068 [main] DEBUG - Save content types part
18:03:05.228 [main] DEBUG - Save package relationships
18:03:05.262 [main] DEBUG - Save part 'docProps/app.xml'
18:03:05.267 [main] DEBUG - Save part 'docProps/core.xml'
18:03:05.277 [main] DEBUG - Save part 'xl/sharedStrings.xml'
18:03:05.277 [main] DEBUG - Save part 'xl/styles.xml'
18:03:05.277 [main] DEBUG - Save part 'xl/workbook.xml'
18:03:05.283 [main] DEBUG - Save part 'xl/worksheets/sheet1.xml'
18:03:05.288 [main] DEBUG - Save content types part
18:03:05.291 [main] DEBUG - Save package relationships
18:03:05.293 [main] DEBUG - Save part 'docProps/app.xml'
18:03:05.296 [main] DEBUG - Save part 'docProps/core.xml'
18:03:05.298 [main] DEBUG - Save part 'xl/sharedStrings.xml'
18:03:05.298 [main] DEBUG - Save part 'xl/styles.xml'
18:03:05.298 [main] DEBUG - Save part 'xl/workbook.xml'
18:03:05.302 [main] DEBUG - Save part 'xl/worksheets/sheet1.xml'
